<?xml version="1.0" encoding="UTF-8"?>
<!-- Generated by org.testng.reporters.JUnitReportReporter -->
<testsuite hostname="SarderHP" failures="0" tests="3" name="Test.SampleTest" time="6.189" errors="0" timestamp="2023-10-29T23:38:52 EDT" skipped="0">
  <testcase classname="Test.SampleTest" name="testCase3" time="2.802"/>
  <testcase classname="Test.SampleTest" name="testCase2" time="1.703"/>
  <testcase classname="Test.SampleTest" name="testCase1" time="1.684"/>
</testsuite> <!-- Test.SampleTest -->
